<?xml version="1.0" encoding="UTF-8"?>
<!-- Generated by org.testng.reporters.JUnitXMLReporter -->
<testsuite ignored="2" hostname="Taruns-MacBook-Air.local" failures="0" tests="0" time="0.004" errors="0" timestamp="2024-12-26T15:31:34 IST">
  <testcase classname="Sel.TestCases.EcomSubmitRequest" name="orderPageRequest" time="0.0">
    <ignored/>
  </testcase> <!-- orderPageRequest -->
  <testcase classname="Sel.TestCases.EcomSubmitRequest" name="sumbitReuest" time="0.0">
    <ignored/>
  </testcase> <!-- sumbitReuest -->
</testsuite>
